{"C:\\Users\\Ella\\Desktop\\CodeX\\Level-3\\fem-todo-app\\src\\components\\layout\\Footer.jsx": {"path":"C:\\Users\\Ella\\Desktop\\CodeX\\Level-3\\fem-todo-app\\src\\components\\layout\\Footer.jsx","statementMap":{"0":{"start":{"line":5,"column":2},"end":{"line":23,"column":null}}},"fnMap":{"0":{"name":"Footer","decl":{"start":{"line":4,"column":24},"end":{"line":4,"column":33}},"loc":{"start":{"line":4,"column":33},"end":{"line":25,"column":null}},"line":4}},"branchMap":{},"s":{"0":1},"f":{"0":1},"b":{},"meta":{"lastBranch":0,"lastFunction":1,"lastStatement":1,"seen":{"f:4:24:4:33":0,"s:5:2:23:Infinity":0}}}
,"C:\\Users\\Ella\\Desktop\\CodeX\\Level-3\\fem-todo-app\\src\\components\\layout\\Header.jsx": {"path":"C:\\Users\\Ella\\Desktop\\CodeX\\Level-3\\fem-todo-app\\src\\components\\layout\\Header.jsx","statementMap":{"0":{"start":{"line":9,"column":26},"end":{"line":9,"column":null}},"1":{"start":{"line":10,"column":17},"end":{"line":10,"column":null}},"2":{"start":{"line":12,"column":28},"end":{"line":14,"column":null}},"3":{"start":{"line":13,"column":4},"end":{"line":13,"column":null}},"4":{"start":{"line":16,"column":2},"end":{"line":28,"column":null}}},"fnMap":{"0":{"name":"Header","decl":{"start":{"line":8,"column":24},"end":{"line":8,"column":33}},"loc":{"start":{"line":8,"column":33},"end":{"line":30,"column":null}},"line":8},"1":{"name":"(anonymous_1)","decl":{"start":{"line":12,"column":28},"end":{"line":12,"column":34}},"loc":{"start":{"line":12,"column":34},"end":{"line":14,"column":null}},"line":12}},"branchMap":{"0":{"loc":{"start":{"line":13,"column":13},"end":{"line":13,"column":38}},"type":"cond-expr","locations":[{"start":{"line":13,"column":22},"end":{"line":13,"column":32}},{"start":{"line":13,"column":32},"end":{"line":13,"column":38}}],"line":13},"1":{"loc":{"start":{"line":25,"column":95},"end":{"line":25,"column":120}},"type":"cond-expr","locations":[{"start":{"line":25,"column":104},"end":{"line":25,"column":114}},{"start":{"line":25,"column":114},"end":{"line":25,"column":120}}],"line":25},"2":{"loc":{"start":{"line":26,"column":19},"end":{"line":26,"column":45}},"type":"cond-expr","locations":[{"start":{"line":26,"column":28},"end":{"line":26,"column":38}},{"start":{"line":26,"column":38},"end":{"line":26,"column":45}}],"line":26}},"s":{"0":5,"1":5,"2":5,"3":2,"4":5},"f":{"0":5,"1":2},"b":{"0":[1,1],"1":[4,1],"2":[4,1]},"meta":{"lastBranch":3,"lastFunction":2,"lastStatement":5,"seen":{"f:8:24:8:33":0,"s:9:26:9:Infinity":0,"s:10:17:10:Infinity":1,"s:12:28:14:Infinity":2,"f:12:28:12:34":1,"s:13:4:13:Infinity":3,"b:13:22:13:32:13:32:13:38":0,"s:16:2:28:Infinity":4,"b:25:104:25:114:25:114:25:120":1,"b:26:28:26:38:26:38:26:45":2}}}
,"C:\\Users\\Ella\\Desktop\\CodeX\\Level-3\\fem-todo-app\\src\\components\\shared\\Title.component.jsx": {"path":"C:\\Users\\Ella\\Desktop\\CodeX\\Level-3\\fem-todo-app\\src\\components\\shared\\Title.component.jsx","statementMap":{"0":{"start":{"line":5,"column":13},"end":{"line":12,"column":null}},"1":{"start":{"line":6,"column":15},"end":{"line":6,"column":null}},"2":{"start":{"line":7,"column":4},"end":{"line":10,"column":null}}},"fnMap":{"0":{"name":"(anonymous_0)","decl":{"start":{"line":5,"column":13},"end":{"line":5,"column":15}},"loc":{"start":{"line":5,"column":60},"end":{"line":12,"column":null}},"line":5}},"branchMap":{"0":{"loc":{"start":{"line":5,"column":27},"end":{"line":5,"column":39}},"type":"default-arg","locations":[{"start":{"line":5,"column":36},"end":{"line":5,"column":39}}],"line":5},"1":{"loc":{"start":{"line":5,"column":39},"end":{"line":5,"column":54}},"type":"default-arg","locations":[{"start":{"line":5,"column":51},"end":{"line":5,"column":54}}],"line":5}},"s":{"0":2,"1":5,"2":5},"f":{"0":5},"b":{"0":[5],"1":[5]},"meta":{"lastBranch":2,"lastFunction":1,"lastStatement":3,"seen":{"s:5:13:12:Infinity":0,"f:5:13:5:15":0,"b:5:36:5:39":0,"b:5:51:5:54":1,"s:6:15:6:Infinity":1,"s:7:4:10:Infinity":2}}}
,"C:\\Users\\Ella\\Desktop\\CodeX\\Level-3\\fem-todo-app\\src\\components\\ui\\button.jsx": {"path":"C:\\Users\\Ella\\Desktop\\CodeX\\Level-3\\fem-todo-app\\src\\components\\ui\\button.jsx","statementMap":{"0":{"start":{"line":7,"column":6},"end":{"line":37,"column":null}},"1":{"start":{"line":46,"column":15},"end":{"line":46,"column":null}},"2":{"start":{"line":48,"column":2},"end":{"line":54,"column":null}},"3":{"start":{"line":57,"column":0},"end":{"line":57,"column":null}}},"fnMap":{"0":{"name":"Button","decl":{"start":{"line":39,"column":9},"end":{"line":39,"column":16}},"loc":{"start":{"line":45,"column":3},"end":{"line":56,"column":null}},"line":45}},"branchMap":{"0":{"loc":{"start":{"line":41,"column":2},"end":{"line":41,"column":null}},"type":"default-arg","locations":[{"start":{"line":41,"column":12},"end":{"line":41,"column":null}}],"line":41},"1":{"loc":{"start":{"line":42,"column":2},"end":{"line":42,"column":null}},"type":"default-arg","locations":[{"start":{"line":42,"column":9},"end":{"line":42,"column":null}}],"line":42},"2":{"loc":{"start":{"line":43,"column":2},"end":{"line":43,"column":null}},"type":"default-arg","locations":[{"start":{"line":43,"column":12},"end":{"line":43,"column":null}}],"line":43},"3":{"loc":{"start":{"line":46,"column":15},"end":{"line":46,"column":null}},"type":"cond-expr","locations":[{"start":{"line":46,"column":25},"end":{"line":46,"column":32}},{"start":{"line":46,"column":32},"end":{"line":46,"column":null}}],"line":46}},"s":{"0":2,"1":5,"2":5,"3":2},"f":{"0":5},"b":{"0":[5],"1":[5],"2":[5],"3":[0,5]},"meta":{"lastBranch":4,"lastFunction":1,"lastStatement":4,"seen":{"s:7:6:37:Infinity":0,"f:39:9:39:16":0,"b:41:12:41:Infinity":0,"b:42:9:42:Infinity":1,"b:43:12:43:Infinity":2,"s:46:15:46:Infinity":1,"b:46:25:46:32:46:32:46:Infinity":3,"s:48:2:54:Infinity":2,"s:57:0:57:Infinity":3}}}
,"C:\\Users\\Ella\\Desktop\\CodeX\\Level-3\\fem-todo-app\\src\\constants\\themeConstants.js": {"path":"C:\\Users\\Ella\\Desktop\\CodeX\\Level-3\\fem-todo-app\\src\\constants\\themeConstants.js","statementMap":{"0":{"start":{"line":6,"column":20},"end":{"line":6,"column":40}},"1":{"start":{"line":7,"column":20},"end":{"line":7,"column":27}}},"fnMap":{},"branchMap":{},"s":{"0":2,"1":2},"f":{},"b":{},"meta":{"lastBranch":0,"lastFunction":0,"lastStatement":2,"seen":{"s:6:20:6:40":0,"s:7:20:7:27":1}}}
,"C:\\Users\\Ella\\Desktop\\CodeX\\Level-3\\fem-todo-app\\src\\hooks\\useTasks.js": {"path":"C:\\Users\\Ella\\Desktop\\CodeX\\Level-3\\fem-todo-app\\src\\hooks\\useTasks.js","statementMap":{"0":{"start":{"line":17,"column":27},"end":{"line":17,"column":40}},"1":{"start":{"line":18,"column":31},"end":{"line":18,"column":47}},"2":{"start":{"line":19,"column":27},"end":{"line":19,"column":42}},"3":{"start":{"line":26,"column":19},"end":{"line":43,"column":8}},"4":{"start":{"line":28,"column":4},"end":{"line":28,"column":21}},"5":{"start":{"line":29,"column":4},"end":{"line":29,"column":19}},"6":{"start":{"line":31,"column":40},"end":{"line":34,"column":48}},"7":{"start":{"line":36,"column":4},"end":{"line":40,"column":5}},"8":{"start":{"line":37,"column":6},"end":{"line":37,"column":61}},"9":{"start":{"line":39,"column":6},"end":{"line":39,"column":21}},"10":{"start":{"line":42,"column":4},"end":{"line":42,"column":22}},"11":{"start":{"line":49,"column":17},"end":{"line":65,"column":8}},"12":{"start":{"line":50,"column":41},"end":{"line":53,"column":15}},"13":{"start":{"line":55,"column":4},"end":{"line":58,"column":5}},"14":{"start":{"line":56,"column":6},"end":{"line":56,"column":33}},"15":{"start":{"line":57,"column":6},"end":{"line":57,"column":24}},"16":{"start":{"line":60,"column":21},"end":{"line":60,"column":30}},"17":{"start":{"line":61,"column":4},"end":{"line":64,"column":5}},"18":{"start":{"line":63,"column":6},"end":{"line":63,"column":46}},"19":{"start":{"line":63,"column":25},"end":{"line":63,"column":44}},"20":{"start":{"line":70,"column":20},"end":{"line":89,"column":8}},"21":{"start":{"line":71,"column":35},"end":{"line":74,"column":19}},"22":{"start":{"line":76,"column":4},"end":{"line":79,"column":5}},"23":{"start":{"line":77,"column":6},"end":{"line":77,"column":33}},"24":{"start":{"line":78,"column":6},"end":{"line":78,"column":24}},"25":{"start":{"line":82,"column":4},"end":{"line":88,"column":6}},"26":{"start":{"line":83,"column":6},"end":{"line":87,"column":7}},"27":{"start":{"line":84,"column":8},"end":{"line":86,"column":16}},"28":{"start":{"line":94,"column":20},"end":{"line":109,"column":8}},"29":{"start":{"line":95,"column":35},"end":{"line":98,"column":19}},"30":{"start":{"line":100,"column":4},"end":{"line":103,"column":5}},"31":{"start":{"line":101,"column":6},"end":{"line":101,"column":33}},"32":{"start":{"line":102,"column":6},"end":{"line":102,"column":24}},"33":{"start":{"line":106,"column":4},"end":{"line":108,"column":6}},"34":{"start":{"line":107,"column":6},"end":{"line":107,"column":43}},"35":{"start":{"line":107,"column":28},"end":{"line":107,"column":42}},"36":{"start":{"line":111,"column":24},"end":{"line":124,"column":6}},"37":{"start":{"line":112,"column":20},"end":{"line":115,"column":28}},"38":{"start":{"line":117,"column":2},"end":{"line":120,"column":3}},"39":{"start":{"line":118,"column":4},"end":{"line":118,"column":25}},"40":{"start":{"line":119,"column":4},"end":{"line":119,"column":16}},"41":{"start":{"line":123,"column":2},"end":{"line":123,"column":63}},"42":{"start":{"line":123,"column":21},"end":{"line":123,"column":61}},"43":{"start":{"line":123,"column":43},"end":{"line":123,"column":60}},"44":{"start":{"line":127,"column":0},"end":{"line":133,"column":18}},"45":{"start":{"line":128,"column":23},"end":{"line":130,"column":5}},"46":{"start":{"line":129,"column":6},"end":{"line":129,"column":24}},"47":{"start":{"line":132,"column":4},"end":{"line":132,"column":17}},"48":{"start":{"line":140,"column":1},"end":{"line":177,"column":9}},"49":{"start":{"line":141,"column":20},"end":{"line":172,"column":18}},"50":{"start":{"line":147,"column":10},"end":{"line":169,"column":13}},"51":{"start":{"line":148,"column":12},"end":{"line":154,"column":13}},"52":{"start":{"line":149,"column":29},"end":{"line":151,"column":15}},"53":{"start":{"line":150,"column":26},"end":{"line":150,"column":52}},"54":{"start":{"line":152,"column":14},"end":{"line":152,"column":38}},"55":{"start":{"line":152,"column":26},"end":{"line":152,"column":38}},"56":{"start":{"line":153,"column":14},"end":{"line":153,"column":44}},"57":{"start":{"line":156,"column":12},"end":{"line":160,"column":13}},"58":{"start":{"line":157,"column":14},"end":{"line":159,"column":16}},"59":{"start":{"line":158,"column":16},"end":{"line":158,"column":63}},"60":{"start":{"line":162,"column":12},"end":{"line":166,"column":13}},"61":{"start":{"line":163,"column":14},"end":{"line":165,"column":16}},"62":{"start":{"line":164,"column":26},"end":{"line":164,"column":52}},"63":{"start":{"line":168,"column":12},"end":{"line":168,"column":24}},"64":{"start":{"line":174,"column":4},"end":{"line":176,"column":6}},"65":{"start":{"line":175,"column":6},"end":{"line":175,"column":38}},"66":{"start":{"line":179,"column":2},"end":{"line":187,"column":4}}},"fnMap":{"0":{"name":"useTasks","decl":{"start":{"line":15,"column":9},"end":{"line":15,"column":17}},"loc":{"start":{"line":15,"column":20},"end":{"line":188,"column":1}},"line":15},"1":{"name":"(anonymous_1)","decl":{"start":{"line":26,"column":32},"end":{"line":26,"column":37}},"loc":{"start":{"line":26,"column":44},"end":{"line":43,"column":3}},"line":26},"2":{"name":"(anonymous_2)","decl":{"start":{"line":49,"column":30},"end":{"line":49,"column":35}},"loc":{"start":{"line":49,"column":47},"end":{"line":65,"column":3}},"line":49},"3":{"name":"(anonymous_3)","decl":{"start":{"line":63,"column":15},"end":{"line":63,"column":16}},"loc":{"start":{"line":63,"column":25},"end":{"line":63,"column":44}},"line":63},"4":{"name":"(anonymous_4)","decl":{"start":{"line":70,"column":33},"end":{"line":70,"column":38}},"loc":{"start":{"line":70,"column":59},"end":{"line":89,"column":3}},"line":70},"5":{"name":"(anonymous_5)","decl":{"start":{"line":82,"column":13},"end":{"line":82,"column":14}},"loc":{"start":{"line":83,"column":6},"end":{"line":87,"column":7}},"line":83},"6":{"name":"(anonymous_6)","decl":{"start":{"line":83,"column":15},"end":{"line":83,"column":16}},"loc":{"start":{"line":84,"column":8},"end":{"line":86,"column":16}},"line":84},"7":{"name":"(anonymous_7)","decl":{"start":{"line":94,"column":33},"end":{"line":94,"column":38}},"loc":{"start":{"line":94,"column":47},"end":{"line":109,"column":3}},"line":94},"8":{"name":"(anonymous_8)","decl":{"start":{"line":106,"column":13},"end":{"line":106,"column":14}},"loc":{"start":{"line":107,"column":6},"end":{"line":107,"column":43}},"line":107},"9":{"name":"(anonymous_9)","decl":{"start":{"line":107,"column":18},"end":{"line":107,"column":19}},"loc":{"start":{"line":107,"column":28},"end":{"line":107,"column":42}},"line":107},"10":{"name":"(anonymous_10)","decl":{"start":{"line":111,"column":37},"end":{"line":111,"column":42}},"loc":{"start":{"line":111,"column":49},"end":{"line":124,"column":1}},"line":111},"11":{"name":"(anonymous_11)","decl":{"start":{"line":123,"column":11},"end":{"line":123,"column":12}},"loc":{"start":{"line":123,"column":21},"end":{"line":123,"column":61}},"line":123},"12":{"name":"(anonymous_12)","decl":{"start":{"line":123,"column":33},"end":{"line":123,"column":34}},"loc":{"start":{"line":123,"column":43},"end":{"line":123,"column":60}},"line":123},"13":{"name":"(anonymous_13)","decl":{"start":{"line":127,"column":11},"end":{"line":127,"column":12}},"loc":{"start":{"line":127,"column":17},"end":{"line":133,"column":3}},"line":127},"14":{"name":"(anonymous_14)","decl":{"start":{"line":128,"column":23},"end":{"line":128,"column":28}},"loc":{"start":{"line":128,"column":35},"end":{"line":130,"column":5}},"line":128},"15":{"name":"(anonymous_15)","decl":{"start":{"line":140,"column":12},"end":{"line":140,"column":13}},"loc":{"start":{"line":140,"column":18},"end":{"line":177,"column":3}},"line":140},"16":{"name":"(anonymous_16)","decl":{"start":{"line":146,"column":8},"end":{"line":146,"column":9}},"loc":{"start":{"line":146,"column":21},"end":{"line":170,"column":9}},"line":146},"17":{"name":"(anonymous_17)","decl":{"start":{"line":147,"column":19},"end":{"line":147,"column":20}},"loc":{"start":{"line":147,"column":29},"end":{"line":169,"column":11}},"line":147},"18":{"name":"(anonymous_18)","decl":{"start":{"line":150,"column":16},"end":{"line":150,"column":17}},"loc":{"start":{"line":150,"column":26},"end":{"line":150,"column":52}},"line":150},"19":{"name":"(anonymous_19)","decl":{"start":{"line":157,"column":30},"end":{"line":157,"column":31}},"loc":{"start":{"line":158,"column":16},"end":{"line":158,"column":63}},"line":158},"20":{"name":"(anonymous_20)","decl":{"start":{"line":164,"column":16},"end":{"line":164,"column":17}},"loc":{"start":{"line":164,"column":26},"end":{"line":164,"column":52}},"line":164},"21":{"name":"(anonymous_21)","decl":{"start":{"line":174,"column":11},"end":{"line":174,"column":12}},"loc":{"start":{"line":174,"column":17},"end":{"line":176,"column":5}},"line":174}},"branchMap":{"0":{"loc":{"start":{"line":36,"column":4},"end":{"line":40,"column":5}},"type":"if","locations":[{"start":{"line":36,"column":4},"end":{"line":40,"column":5}},{"start":{"line":38,"column":11},"end":{"line":40,"column":5}}],"line":36},"1":{"loc":{"start":{"line":55,"column":4},"end":{"line":58,"column":5}},"type":"if","locations":[{"start":{"line":55,"column":4},"end":{"line":58,"column":5}},{"start":{},"end":{}}],"line":55},"2":{"loc":{"start":{"line":61,"column":4},"end":{"line":64,"column":5}},"type":"if","locations":[{"start":{"line":61,"column":4},"end":{"line":64,"column":5}},{"start":{},"end":{}}],"line":61},"3":{"loc":{"start":{"line":76,"column":4},"end":{"line":79,"column":5}},"type":"if","locations":[{"start":{"line":76,"column":4},"end":{"line":79,"column":5}},{"start":{},"end":{}}],"line":76},"4":{"loc":{"start":{"line":84,"column":8},"end":{"line":86,"column":16}},"type":"cond-expr","locations":[{"start":{"line":85,"column":12},"end":{"line":85,"column":48}},{"start":{"line":86,"column":12},"end":{"line":86,"column":16}}],"line":84},"5":{"loc":{"start":{"line":100,"column":4},"end":{"line":103,"column":5}},"type":"if","locations":[{"start":{"line":100,"column":4},"end":{"line":103,"column":5}},{"start":{},"end":{}}],"line":100},"6":{"loc":{"start":{"line":117,"column":2},"end":{"line":120,"column":3}},"type":"if","locations":[{"start":{"line":117,"column":2},"end":{"line":120,"column":3}},{"start":{},"end":{}}],"line":117},"7":{"loc":{"start":{"line":148,"column":12},"end":{"line":154,"column":13}},"type":"if","locations":[{"start":{"line":148,"column":12},"end":{"line":154,"column":13}},{"start":{},"end":{}}],"line":148},"8":{"loc":{"start":{"line":152,"column":14},"end":{"line":152,"column":38}},"type":"if","locations":[{"start":{"line":152,"column":14},"end":{"line":152,"column":38}},{"start":{},"end":{}}],"line":152},"9":{"loc":{"start":{"line":156,"column":12},"end":{"line":160,"column":13}},"type":"if","locations":[{"start":{"line":156,"column":12},"end":{"line":160,"column":13}},{"start":{},"end":{}}],"line":156},"10":{"loc":{"start":{"line":158,"column":16},"end":{"line":158,"column":63}},"type":"cond-expr","locations":[{"start":{"line":158,"column":45},"end":{"line":158,"column":56}},{"start":{"line":158,"column":59},"end":{"line":158,"column":63}}],"line":158},"11":{"loc":{"start":{"line":162,"column":12},"end":{"line":166,"column":13}},"type":"if","locations":[{"start":{"line":162,"column":12},"end":{"line":166,"column":13}},{"start":{},"end":{}}],"line":162}},"s":{"0":24,"1":24,"2":24,"3":24,"4":6,"5":6,"6":6,"7":6,"8":1,"9":5,"10":6,"11":24,"12":2,"13":2,"14":1,"15":1,"16":1,"17":2,"18":1,"19":1,"20":24,"21":1,"22":1,"23":0,"24":0,"25":1,"26":1,"27":1,"28":24,"29":1,"30":1,"31":0,"32":0,"33":1,"34":1,"35":1,"36":24,"37":0,"38":0,"39":0,"40":0,"41":0,"42":0,"43":0,"44":24,"45":6,"46":6,"47":6,"48":24,"49":6,"50":0,"51":0,"52":0,"53":0,"54":0,"55":0,"56":0,"57":0,"58":0,"59":0,"60":0,"61":0,"62":0,"63":0,"64":6,"65":6,"66":24},"f":{"0":24,"1":6,"2":2,"3":1,"4":1,"5":1,"6":1,"7":1,"8":1,"9":1,"10":0,"11":0,"12":0,"13":6,"14":6,"15":6,"16":0,"17":0,"18":0,"19":0,"20":0,"21":6},"b":{"0":[1,5],"1":[1,1],"2":[1,1],"3":[0,1],"4":[1,0],"5":[0,1],"6":[0,0],"7":[0,0],"8":[0,0],"9":[0,0],"10":[0,0],"11":[0,0]},"meta":{"lastBranch":12,"lastFunction":22,"lastStatement":67,"seen":{"f:15:9:15:17":0,"s:17:27:17:40":0,"s:18:31:18:47":1,"s:19:27:19:42":2,"s:26:19:43:8":3,"f:26:32:26:37":1,"s:28:4:28:21":4,"s:29:4:29:19":5,"s:31:40:34:48":6,"b:36:4:40:5:38:11:40:5":0,"s:36:4:40:5":7,"s:37:6:37:61":8,"s:39:6:39:21":9,"s:42:4:42:22":10,"s:49:17:65:8":11,"f:49:30:49:35":2,"s:50:41:53:15":12,"b:55:4:58:5:undefined:undefined:undefined:undefined":1,"s:55:4:58:5":13,"s:56:6:56:33":14,"s:57:6:57:24":15,"s:60:21:60:30":16,"b:61:4:64:5:undefined:undefined:undefined:undefined":2,"s:61:4:64:5":17,"s:63:6:63:46":18,"f:63:15:63:16":3,"s:63:25:63:44":19,"s:70:20:89:8":20,"f:70:33:70:38":4,"s:71:35:74:19":21,"b:76:4:79:5:undefined:undefined:undefined:undefined":3,"s:76:4:79:5":22,"s:77:6:77:33":23,"s:78:6:78:24":24,"s:82:4:88:6":25,"f:82:13:82:14":5,"s:83:6:87:7":26,"f:83:15:83:16":6,"s:84:8:86:16":27,"b:85:12:85:48:86:12:86:16":4,"s:94:20:109:8":28,"f:94:33:94:38":7,"s:95:35:98:19":29,"b:100:4:103:5:undefined:undefined:undefined:undefined":5,"s:100:4:103:5":30,"s:101:6:101:33":31,"s:102:6:102:24":32,"s:106:4:108:6":33,"f:106:13:106:14":8,"s:107:6:107:43":34,"f:107:18:107:19":9,"s:107:28:107:42":35,"s:111:24:124:6":36,"f:111:37:111:42":10,"s:112:20:115:28":37,"b:117:2:120:3:undefined:undefined:undefined:undefined":6,"s:117:2:120:3":38,"s:118:4:118:25":39,"s:119:4:119:16":40,"s:123:2:123:63":41,"f:123:11:123:12":11,"s:123:21:123:61":42,"f:123:33:123:34":12,"s:123:43:123:60":43,"s:127:0:133:18":44,"f:127:11:127:12":13,"s:128:23:130:5":45,"f:128:23:128:28":14,"s:129:6:129:24":46,"s:132:4:132:17":47,"s:140:1:177:9":48,"f:140:12:140:13":15,"s:141:20:172:18":49,"f:146:8:146:9":16,"s:147:10:169:13":50,"f:147:19:147:20":17,"b:148:12:154:13:undefined:undefined:undefined:undefined":7,"s:148:12:154:13":51,"s:149:29:151:15":52,"f:150:16:150:17":18,"s:150:26:150:52":53,"b:152:14:152:38:undefined:undefined:undefined:undefined":8,"s:152:14:152:38":54,"s:152:26:152:38":55,"s:153:14:153:44":56,"b:156:12:160:13:undefined:undefined:undefined:undefined":9,"s:156:12:160:13":57,"s:157:14:159:16":58,"f:157:30:157:31":19,"s:158:16:158:63":59,"b:158:45:158:56:158:59:158:63":10,"b:162:12:166:13:undefined:undefined:undefined:undefined":11,"s:162:12:166:13":60,"s:163:14:165:16":61,"f:164:16:164:17":20,"s:164:26:164:52":62,"s:168:12:168:24":63,"s:174:4:176:6":64,"f:174:11:174:12":21,"s:175:6:175:38":65,"s:179:2:187:4":66}}}
,"C:\\Users\\Ella\\Desktop\\CodeX\\Level-3\\fem-todo-app\\src\\hooks\\useTheme.js": {"path":"C:\\Users\\Ella\\Desktop\\CodeX\\Level-3\\fem-todo-app\\src\\hooks\\useTheme.js","statementMap":{"0":{"start":{"line":7,"column":13},"end":{"line":7,"column":38}},"1":{"start":{"line":8,"column":2},"end":{"line":8,"column":74}},"2":{"start":{"line":8,"column":12},"end":{"line":8,"column":74}},"3":{"start":{"line":10,"column":2},"end":{"line":10,"column":13}}},"fnMap":{"0":{"name":"useTheme","decl":{"start":{"line":6,"column":9},"end":{"line":6,"column":17}},"loc":{"start":{"line":6,"column":20},"end":{"line":11,"column":1}},"line":6}},"branchMap":{"0":{"loc":{"start":{"line":8,"column":2},"end":{"line":8,"column":74}},"type":"if","locations":[{"start":{"line":8,"column":2},"end":{"line":8,"column":74}},{"start":{},"end":{}}],"line":8}},"s":{"0":5,"1":5,"2":0,"3":5},"f":{"0":5},"b":{"0":[0,5]},"meta":{"lastBranch":1,"lastFunction":1,"lastStatement":4,"seen":{"f:6:9:6:17":0,"s:7:13:7:38":0,"b:8:2:8:74:undefined:undefined:undefined:undefined":0,"s:8:2:8:74":1,"s:8:12:8:74":2,"s:10:2:10:13":3}}}
,"C:\\Users\\Ella\\Desktop\\CodeX\\Level-3\\fem-todo-app\\src\\lib\\utils.js": {"path":"C:\\Users\\Ella\\Desktop\\CodeX\\Level-3\\fem-todo-app\\src\\lib\\utils.js","statementMap":{"0":{"start":{"line":5,"column":2},"end":{"line":5,"column":31}}},"fnMap":{"0":{"name":"cn","decl":{"start":{"line":4,"column":16},"end":{"line":4,"column":18}},"loc":{"start":{"line":4,"column":30},"end":{"line":6,"column":1}},"line":4}},"branchMap":{},"s":{"0":5},"f":{"0":5},"b":{},"meta":{"lastBranch":0,"lastFunction":1,"lastStatement":1,"seen":{"f:4:16:4:18":0,"s:5:2:5:31":0}}}
,"C:\\Users\\Ella\\Desktop\\CodeX\\Level-3\\fem-todo-app\\src\\providers\\themeProvider.jsx": {"path":"C:\\Users\\Ella\\Desktop\\CodeX\\Level-3\\fem-todo-app\\src\\providers\\themeProvider.jsx","statementMap":{"0":{"start":{"line":6,"column":21},"end":{"line":9,"column":null}},"1":{"start":{"line":7,"column":17},"end":{"line":7,"column":null}},"2":{"start":{"line":8,"column":2},"end":{"line":8,"column":null}},"3":{"start":{"line":13,"column":24},"end":{"line":13,"column":null}},"4":{"start":{"line":13,"column":43},"end":{"line":13,"column":69}},"5":{"start":{"line":16,"column":2},"end":{"line":34,"column":null}},"6":{"start":{"line":17,"column":17},"end":{"line":17,"column":null}},"7":{"start":{"line":18,"column":16},"end":{"line":18,"column":null}},"8":{"start":{"line":23,"column":6},"end":{"line":23,"column":null}},"9":{"start":{"line":25,"column":4},"end":{"line":25,"column":null}},"10":{"start":{"line":26,"column":4},"end":{"line":26,"column":null}},"11":{"start":{"line":29,"column":4},"end":{"line":33,"column":null}},"12":{"start":{"line":30,"column":23},"end":{"line":30,"column":null}},"13":{"start":{"line":30,"column":30},"end":{"line":30,"column":null}},"14":{"start":{"line":31,"column":6},"end":{"line":31,"column":null}},"15":{"start":{"line":32,"column":6},"end":{"line":32,"column":null}},"16":{"start":{"line":32,"column":19},"end":{"line":32,"column":null}},"17":{"start":{"line":37,"column":8},"end":{"line":37,"column":null}},"18":{"start":{"line":37,"column":31},"end":{"line":37,"column":53}},"19":{"start":{"line":40,"column":2},"end":{"line":41,"column":null}}},"fnMap":{"0":{"name":"(anonymous_0)","decl":{"start":{"line":6,"column":21},"end":{"line":6,"column":22}},"loc":{"start":{"line":6,"column":39},"end":{"line":9,"column":null}},"line":6},"1":{"name":"ThemeProvider","decl":{"start":{"line":11,"column":9},"end":{"line":11,"column":23}},"loc":{"start":{"line":11,"column":62},"end":{"line":43,"column":null}},"line":11},"2":{"name":"(anonymous_2)","decl":{"start":{"line":13,"column":37},"end":{"line":13,"column":43}},"loc":{"start":{"line":13,"column":43},"end":{"line":13,"column":69}},"line":13},"3":{"name":"(anonymous_3)","decl":{"start":{"line":16,"column":12},"end":{"line":16,"column":18}},"loc":{"start":{"line":16,"column":18},"end":{"line":34,"column":5}},"line":16},"4":{"name":"(anonymous_4)","decl":{"start":{"line":30,"column":23},"end":{"line":30,"column":24}},"loc":{"start":{"line":30,"column":30},"end":{"line":30,"column":null}},"line":30},"5":{"name":"(anonymous_5)","decl":{"start":{"line":32,"column":13},"end":{"line":32,"column":19}},"loc":{"start":{"line":32,"column":19},"end":{"line":32,"column":null}},"line":32},"6":{"name":"(anonymous_6)","decl":{"start":{"line":37,"column":24},"end":{"line":37,"column":31}},"loc":{"start":{"line":37,"column":31},"end":{"line":37,"column":53}},"line":37}},"branchMap":{"0":{"loc":{"start":{"line":8,"column":9},"end":{"line":8,"column":null}},"type":"binary-expr","locations":[{"start":{"line":8,"column":9},"end":{"line":8,"column":19}},{"start":{"line":8,"column":19},"end":{"line":8,"column":null}}],"line":8},"1":{"loc":{"start":{"line":11,"column":35},"end":{"line":11,"column":59}},"type":"default-arg","locations":[{"start":{"line":11,"column":50},"end":{"line":11,"column":59}}],"line":11},"2":{"loc":{"start":{"line":23,"column":6},"end":{"line":23,"column":null}},"type":"cond-expr","locations":[{"start":{"line":23,"column":28},"end":{"line":23,"column":62}},{"start":{"line":23,"column":62},"end":{"line":23,"column":null}}],"line":23},"3":{"loc":{"start":{"line":23,"column":28},"end":{"line":23,"column":62}},"type":"cond-expr","locations":[{"start":{"line":23,"column":42},"end":{"line":23,"column":51}},{"start":{"line":23,"column":51},"end":{"line":23,"column":62}}],"line":23},"4":{"loc":{"start":{"line":29,"column":4},"end":{"line":33,"column":null}},"type":"if","locations":[{"start":{"line":29,"column":4},"end":{"line":33,"column":null}},{"start":{},"end":{}}],"line":29}},"s":{"0":2,"1":3,"2":3,"3":5,"4":3,"5":5,"6":5,"7":5,"8":5,"9":5,"10":5,"11":5,"12":0,"13":0,"14":0,"15":0,"16":0,"17":5,"18":5,"19":5},"f":{"0":3,"1":5,"2":3,"3":5,"4":0,"5":0,"6":5},"b":{"0":[3,3],"1":[5],"2":[0,5],"3":[0,0],"4":[0,5]},"meta":{"lastBranch":5,"lastFunction":7,"lastStatement":20,"seen":{"s:6:21:9:Infinity":0,"f:6:21:6:22":0,"s:7:17:7:Infinity":1,"s:8:2:8:Infinity":2,"b:8:9:8:19:8:19:8:Infinity":0,"f:11:9:11:23":1,"b:11:50:11:59":1,"s:13:24:13:Infinity":3,"f:13:37:13:43":2,"s:13:43:13:69":4,"s:16:2:34:Infinity":5,"f:16:12:16:18":3,"s:17:17:17:Infinity":6,"s:18:16:18:Infinity":7,"s:23:6:23:Infinity":8,"b:23:28:23:62:23:62:23:Infinity":2,"b:23:42:23:51:23:51:23:62":3,"s:25:4:25:Infinity":9,"s:26:4:26:Infinity":10,"b:29:4:33:Infinity:undefined:undefined:undefined:undefined":4,"s:29:4:33:Infinity":11,"s:30:23:30:Infinity":12,"f:30:23:30:24":4,"s:30:30:30:Infinity":13,"s:31:6:31:Infinity":14,"s:32:6:32:Infinity":15,"f:32:13:32:19":5,"s:32:19:32:Infinity":16,"s:37:8:37:Infinity":17,"f:37:24:37:31":6,"s:37:31:37:53":18,"s:40:2:41:Infinity":19}}}
,"C:\\Users\\Ella\\Desktop\\CodeX\\Level-3\\fem-todo-app\\src\\utils\\arithmetics.js": {"path":"C:\\Users\\Ella\\Desktop\\CodeX\\Level-3\\fem-todo-app\\src\\utils\\arithmetics.js","statementMap":{"0":{"start":{"line":3,"column":2},"end":{"line":3,"column":15}},"1":{"start":{"line":8,"column":2},"end":{"line":8,"column":15}},"2":{"start":{"line":13,"column":2},"end":{"line":13,"column":15}},"3":{"start":{"line":18,"column":2},"end":{"line":20,"column":3}},"4":{"start":{"line":19,"column":4},"end":{"line":19,"column":56}},"5":{"start":{"line":21,"column":2},"end":{"line":21,"column":15}}},"fnMap":{"0":{"name":"sum","decl":{"start":{"line":2,"column":16},"end":{"line":2,"column":19}},"loc":{"start":{"line":2,"column":26},"end":{"line":4,"column":1}},"line":2},"1":{"name":"subtract","decl":{"start":{"line":7,"column":16},"end":{"line":7,"column":24}},"loc":{"start":{"line":7,"column":31},"end":{"line":9,"column":1}},"line":7},"2":{"name":"multiply","decl":{"start":{"line":12,"column":16},"end":{"line":12,"column":24}},"loc":{"start":{"line":12,"column":31},"end":{"line":14,"column":1}},"line":12},"3":{"name":"divide","decl":{"start":{"line":17,"column":16},"end":{"line":17,"column":22}},"loc":{"start":{"line":17,"column":29},"end":{"line":22,"column":1}},"line":17}},"branchMap":{"0":{"loc":{"start":{"line":18,"column":2},"end":{"line":20,"column":3}},"type":"if","locations":[{"start":{"line":18,"column":2},"end":{"line":20,"column":3}},{"start":{},"end":{}}],"line":18}},"s":{"0":1,"1":1,"2":1,"3":1,"4":0,"5":1},"f":{"0":1,"1":1,"2":1,"3":1},"b":{"0":[0,1]},"meta":{"lastBranch":1,"lastFunction":4,"lastStatement":6,"seen":{"f:2:16:2:19":0,"s:3:2:3:15":0,"f:7:16:7:24":1,"s:8:2:8:15":1,"f:12:16:12:24":2,"s:13:2:13:15":2,"f:17:16:17:22":3,"b:18:2:20:3:undefined:undefined:undefined:undefined":0,"s:18:2:20:3":3,"s:19:4:19:56":4,"s:21:2:21:15":5}}}
}
